# JRE version: OpenJDK Runtime Environment (8.0_242-b01) (build 1.8.0_242-release-1644-b01)
# Java VM: OpenJDK 64-Bit Server VM (25.242-b01 mixed mode windows-amd64 compressed oops)
Heap:
 PSYoungGen      total 335360K, used 262581K [0x00000000d5580000, 0x00000000ebb00000, 0x0000000100000000)
  eden space 307712K, 79% used [0x00000000d5580000,0x00000000e4336878,0x00000000e8200000)
  from space 27648K, 69% used [0x00000000e9f80000,0x00000000eb236c98,0x00000000eba80000)
  to   space 29184K, 0% used [0x00000000e8200000,0x00000000e8200000,0x00000000e9e80000)
 ParOldGen       total 102400K, used 58370K [0x0000000080000000, 0x0000000086400000, 0x00000000d5580000)
  object space 102400K, 57% used [0x0000000080000000,0x0000000083900988,0x0000000086400000)
 Metaspace       used 85568K, capacity 89816K, committed 90008K, reserved 1126400K
  class space    used 11596K, capacity 12424K, committed 12464K, reserved 1048576K
GC Heap History (10 events):
Event: 29.574 GC heap before
{Heap before GC invocations=13 (full 2):
 PSYoungGen      total 182272K, used 181999K [0x00000000d5580000, 0x00000000e2000000, 0x0000000100000000)
  eden space 171520K, 100% used [0x00000000d5580000,0x00000000dfd00000,0x00000000dfd00000)
  from space 10752K, 97% used [0x00000000e1580000,0x00000000e1fbbd68,0x00000000e2000000)
  to   space 13312K, 0% used [0x00000000e0600000,0x00000000e0600000,0x00000000e1300000)
 ParOldGen       total 73216K, used 17189K [0x0000000080000000, 0x0000000084780000, 0x00000000d5580000)
  object space 73216K, 23% used [0x0000000080000000,0x00000000810c9400,0x0000000084780000)
 Metaspace       used 56108K, capacity 58430K, committed 58664K, reserved 1099776K
  class space    used 7666K, capacity 8198K, committed 8240K, reserved 1048576K
Event: 29.628 GC heap after
Heap after GC invocations=13 (full 2):
 PSYoungGen      total 194048K, used 13294K [0x00000000d5580000, 0x00000000e5880000, 0x0000000100000000)
  eden space 180736K, 0% used [0x00000000d5580000,0x00000000d5580000,0x00000000e0600000)
  from space 13312K, 99% used [0x00000000e0600000,0x00000000e12fb9f0,0x00000000e1300000)
  to   space 19968K, 0% used [0x00000000e4500000,0x00000000e4500000,0x00000000e5880000)
 ParOldGen       total 73216K, used 30705K [0x0000000080000000, 0x0000000084780000, 0x00000000d5580000)
  object space 73216K, 41% used [0x0000000080000000,0x0000000081dfc408,0x0000000084780000)
 Metaspace       used 56108K, capacity 58430K, committed 58664K, reserved 1099776K
  class space    used 7666K, capacity 8198K, committed 8240K, reserved 1048576K
}
Event: 29.834 GC heap before
{Heap before GC invocations=14 (full 2):
 PSYoungGen      total 194048K, used 23196K [0x00000000d5580000, 0x00000000e5880000, 0x0000000100000000)
  eden space 180736K, 5% used [0x00000000d5580000,0x00000000d5f2b700,0x00000000e0600000)
  from space 13312K, 99% used [0x00000000e0600000,0x00000000e12fb9f0,0x00000000e1300000)
  to   space 19968K, 0% used [0x00000000e4500000,0x00000000e4500000,0x00000000e5880000)
 ParOldGen       total 73216K, used 30705K [0x0000000080000000, 0x0000000084780000, 0x00000000d5580000)
  object space 73216K, 41% used [0x0000000080000000,0x0000000081dfc408,0x0000000084780000)
 Metaspace       used 56545K, capacity 58934K, committed 59160K, reserved 1099776K
  class space    used 7736K, capacity 8236K, committed 8240K, reserved 1048576K
Event: 29.866 GC heap after
Heap after GC invocations=14 (full 2):
 PSYoungGen      total 244736K, used 736K [0x00000000d5580000, 0x00000000e7d80000, 0x0000000100000000)
  eden space 224768K, 0% used [0x00000000d5580000,0x00000000d5580000,0x00000000e3100000)
  from space 19968K, 3% used [0x00000000e4500000,0x00000000e45b8000,0x00000000e5880000)
  to   space 20480K, 0% used [0x00000000e3100000,0x00000000e3100000,0x00000000e4500000)
 ParOldGen       total 73216K, used 41736K [0x0000000080000000, 0x0000000084780000, 0x00000000d5580000)
  object space 73216K, 57% used [0x0000000080000000,0x00000000828c2060,0x0000000084780000)
 Metaspace       used 56545K, capacity 58934K, committed 59160K, reserved 1099776K
  class space    used 7736K, capacity 8236K, committed 8240K, reserved 1048576K
}
Event: 29.866 GC heap before
{Heap before GC invocations=15 (full 3):
 PSYoungGen      total 244736K, used 736K [0x00000000d5580000, 0x00000000e7d80000, 0x0000000100000000)
  eden space 224768K, 0% used [0x00000000d5580000,0x00000000d5580000,0x00000000e3100000)
  from space 19968K, 3% used [0x00000000e4500000,0x00000000e45b8000,0x00000000e5880000)
  to   space 20480K, 0% used [0x00000000e3100000,0x00000000e3100000,0x00000000e4500000)
 ParOldGen       total 73216K, used 41736K [0x0000000080000000, 0x0000000084780000, 0x00000000d5580000)
  object space 73216K, 57% used [0x0000000080000000,0x00000000828c2060,0x0000000084780000)
 Metaspace       used 56545K, capacity 58934K, committed 59160K, reserved 1099776K
  class space    used 7736K, capacity 8236K, committed 8240K, reserved 1048576K
Event: 30.269 GC heap after
Heap after GC invocations=15 (full 3):
 PSYoungGen      total 244736K, used 0K [0x00000000d5580000, 0x00000000e7d80000, 0x0000000100000000)
  eden space 224768K, 0% used [0x00000000d5580000,0x00000000d5580000,0x00000000e3100000)
  from space 19968K, 0% used [0x00000000e4500000,0x00000000e4500000,0x00000000e5880000)
  to   space 20480K, 0% used [0x00000000e3100000,0x00000000e3100000,0x00000000e4500000)
 ParOldGen       total 102400K, used 29172K [0x0000000080000000, 0x0000000086400000, 0x00000000d5580000)
  object space 102400K, 28% used [0x0000000080000000,0x0000000081c7d280,0x0000000086400000)
 Metaspace       used 56526K, capacity 58868K, committed 59160K, reserved 1099776K
  class space    used 7730K, capacity 8225K, committed 8240K, reserved 1048576K
}
Event: 49.168 GC heap before
{Heap before GC invocations=16 (full 3):
 PSYoungGen      total 244736K, used 224768K [0x00000000d5580000, 0x00000000e7d80000, 0x0000000100000000)
  eden space 224768K, 100% used [0x00000000d5580000,0x00000000e3100000,0x00000000e3100000)
  from space 19968K, 0% used [0x00000000e4500000,0x00000000e4500000,0x00000000e5880000)
  to   space 20480K, 0% used [0x00000000e3100000,0x00000000e3100000,0x00000000e4500000)
 ParOldGen       total 102400K, used 29172K [0x0000000080000000, 0x0000000086400000, 0x00000000d5580000)
  object space 102400K, 28% used [0x0000000080000000,0x0000000081c7d280,0x0000000086400000)
 Metaspace       used 64839K, capacity 67726K, committed 67864K, reserved 1107968K
  class space    used 8905K, capacity 9470K, committed 9520K, reserved 1048576K
Event: 49.346 GC heap after
Heap after GC invocations=16 (full 3):
 PSYoungGen      total 245248K, used 20477K [0x00000000d5580000, 0x00000000eba80000, 0x0000000100000000)
  eden space 224768K, 0% used [0x00000000d5580000,0x00000000d5580000,0x00000000e3100000)
  from space 20480K, 99% used [0x00000000e3100000,0x00000000e44ff4d0,0x00000000e4500000)
  to   space 27648K, 0% used [0x00000000e9f80000,0x00000000e9f80000,0x00000000eba80000)
 ParOldGen       total 102400K, used 39691K [0x0000000080000000, 0x0000000086400000, 0x00000000d5580000)
  object space 102400K, 38% used [0x0000000080000000,0x00000000826c2d00,0x0000000086400000)
 Metaspace       used 64839K, capacity 67726K, committed 67864K, reserved 1107968K
  class space    used 8905K, capacity 9470K, committed 9520K, reserved 1048576K
}
Event: 72.755 GC heap before
{Heap before GC invocations=17 (full 3):
 PSYoungGen      total 245248K, used 245245K [0x00000000d5580000, 0x00000000eba80000, 0x0000000100000000)
  eden space 224768K, 100% used [0x00000000d5580000,0x00000000e3100000,0x00000000e3100000)
  from space 20480K, 99% used [0x00000000e3100000,0x00000000e44ff4d0,0x00000000e4500000)
  to   space 27648K, 0% used [0x00000000e9f80000,0x00000000e9f80000,0x00000000eba80000)
 ParOldGen       total 102400K, used 39691K [0x0000000080000000, 0x0000000086400000, 0x00000000d5580000)
  object space 102400K, 38% used [0x0000000080000000,0x00000000826c2d00,0x0000000086400000)
 Metaspace       used 70400K, capacity 73678K, committed 73752K, reserved 1112064K
  class space    used 9569K, capacity 10220K, committed 10288K, reserved 1048576K
Event: 73.353 GC heap after
Heap after GC invocations=17 (full 3):
 PSYoungGen      total 335360K, used 19163K [0x00000000d5580000, 0x00000000ebb00000, 0x0000000100000000)
  eden space 307712K, 0% used [0x00000000d5580000,0x00000000d5580000,0x00000000e8200000)
  from space 27648K, 69% used [0x00000000e9f80000,0x00000000eb236c98,0x00000000eba80000)
  to   space 29184K, 0% used [0x00000000e8200000,0x00000000e8200000,0x00000000e9e80000)
 ParOldGen       total 102400K, used 58370K [0x0000000080000000, 0x0000000086400000, 0x00000000d5580000)
  object space 102400K, 57% used [0x0000000080000000,0x0000000083900988,0x0000000086400000)
 Metaspace       used 70400K, capacity 73678K, committed 73752K, reserved 1112064K
  class space    used 9569K, capacity 10220K, committed 10288K, reserved 1048576K
}

